2024-08-27 16:13:53.444 | INFO     | __main__:mlflow_connection:47 - Establishing connection with MLflow...
2024-08-27 16:13:53.468 | INFO     | __main__:seed_init:335 - Seed initiation to allow reproducibility of the code...
2024-08-27 16:13:53.468 | INFO     | __main__:load_dataset:362 - Loading the dataset...
2024-08-27 16:14:26.818 | INFO     | __main__:mlflow_connection:47 - Establishing connection with MLflow...
2024-08-27 16:14:26.845 | INFO     | __main__:seed_init:335 - Seed initiation to allow reproducibility of the code...
2024-08-27 16:14:26.846 | INFO     | __main__:load_dataset:362 - Loading the dataset...
2024-08-27 16:15:02.444 | INFO     | __main__:mlflow_connection:47 - Establishing connection with MLflow...
2024-08-27 16:15:02.454 | INFO     | __main__:seed_init:335 - Seed initiation to allow reproducibility of the code...
2024-08-27 16:15:02.454 | INFO     | __main__:load_dataset:362 - Loading the dataset...
2024-08-27 16:15:17.423 | INFO     | __main__:mlflow_connection:47 - Establishing connection with MLflow...
2024-08-27 16:15:17.437 | INFO     | __main__:seed_init:335 - Seed initiation to allow reproducibility of the code...
2024-08-27 16:15:17.438 | INFO     | __main__:load_dataset:362 - Loading the dataset...
2024-08-27 16:15:33.985 | INFO     | __main__:mlflow_connection:47 - Establishing connection with MLflow...
2024-08-27 16:15:33.995 | INFO     | __main__:seed_init:335 - Seed initiation to allow reproducibility of the code...
2024-08-27 16:15:33.996 | INFO     | __main__:load_dataset:362 - Loading the dataset...
2024-08-27 16:16:03.606 | INFO     | __main__:mlflow_connection:47 - Establishing connection with MLflow...
2024-08-27 16:16:03.617 | INFO     | __main__:seed_init:335 - Seed initiation to allow reproducibility of the code...
2024-08-27 16:16:03.617 | INFO     | __main__:load_dataset:362 - Loading the dataset...
2024-08-27 16:17:17.924 | INFO     | __main__:mlflow_connection:47 - Establishing connection with MLflow...
2024-08-27 16:17:17.933 | INFO     | __main__:seed_init:335 - Seed initiation to allow reproducibility of the code...
2024-08-27 16:17:17.933 | INFO     | __main__:load_dataset:362 - Loading the dataset...
2024-08-27 16:17:51.408 | INFO     | __main__:dataset_split:457 - Division of the dataset...
2024-08-27 16:17:51.740 | INFO     | __main__:class_weights_calculation:420 - Calculating the relevance of the samples in the data set for the assignment of weights...
2024-08-27 16:17:54.152 | INFO     | __main__:training_valid_loop:227 - Training model, epoch 0...
2024-08-27 16:24:16.646 | INFO     | __main__:mlflow_connection:47 - Establishing connection with MLflow...
2024-08-27 16:24:16.663 | INFO     | __main__:seed_init:336 - Seed initiation to allow reproducibility of the code...
2024-08-27 16:24:16.664 | INFO     | __main__:load_dataset:363 - Loading the dataset...
2024-08-27 16:24:42.321 | INFO     | __main__:dataset_split:458 - Division of the dataset...
2024-08-27 16:24:42.649 | INFO     | __main__:class_weights_calculation:421 - Calculating the relevance of the samples in the data set for the assignment of weights...
2024-08-27 16:24:44.439 | INFO     | __main__:training_valid_loop:227 - Training model, epoch 0...
2024-08-27 16:26:18.905 | INFO     | __main__:mlflow_connection:47 - Establishing connection with MLflow...
2024-08-27 16:26:18.931 | INFO     | __main__:seed_init:336 - Seed initiation to allow reproducibility of the code...
2024-08-27 16:26:18.931 | INFO     | __main__:load_dataset:363 - Loading the dataset...
2024-08-27 16:26:45.950 | INFO     | __main__:dataset_split:458 - Division of the dataset...
2024-08-27 16:26:46.374 | INFO     | __main__:class_weights_calculation:421 - Calculating the relevance of the samples in the data set for the assignment of weights...
2024-08-27 16:26:48.130 | INFO     | __main__:training_valid_loop:227 - Training model, epoch 0...
2024-08-27 16:29:58.354 | INFO     | __main__:mlflow_connection:47 - Establishing connection with MLflow...
2024-08-27 16:29:58.364 | INFO     | __main__:seed_init:336 - Seed initiation to allow reproducibility of the code...
2024-08-27 16:29:58.365 | INFO     | __main__:load_dataset:363 - Loading the dataset...
2024-08-27 16:30:23.704 | INFO     | __main__:dataset_split:458 - Division of the dataset...
2024-08-27 16:30:23.956 | INFO     | __main__:class_weights_calculation:421 - Calculating the relevance of the samples in the data set for the assignment of weights...
2024-08-27 16:30:25.687 | INFO     | __main__:training_valid_loop:227 - Training model, epoch 0...
2024-08-27 16:32:37.414 | INFO     | __main__:training_valid_loop:318 - Saving model, weights only and keras model
2024-08-27 16:43:22.040 | INFO     | __main__:mlflow_connection:47 - Establishing connection with MLflow...
2024-08-27 16:43:22.050 | INFO     | __main__:seed_init:343 - Seed initiation to allow reproducibility of the code...
2024-08-27 16:43:22.051 | INFO     | __main__:load_dataset:370 - Loading the dataset...
2024-08-27 16:43:43.429 | INFO     | __main__:dataset_split:465 - Division of the dataset...
2024-08-27 16:43:43.674 | INFO     | __main__:class_weights_calculation:428 - Calculating the relevance of the samples in the data set for the assignment of weights...
2024-08-27 16:43:45.391 | INFO     | __main__:training_valid_loop:227 - Training model, epoch 0...
2024-08-27 16:45:58.943 | INFO     | __main__:training_valid_loop:227 - Training model, epoch 1...
2024-08-27 16:47:32.681 | INFO     | __main__:training_valid_loop:227 - Training model, epoch 2...
2024-08-27 16:49:08.266 | INFO     | __main__:training_valid_loop:227 - Training model, epoch 3...
2024-08-27 16:50:43.136 | INFO     | __main__:training_valid_loop:227 - Training model, epoch 4...
2024-08-27 16:52:18.127 | INFO     | __main__:training_valid_loop:325 - Saving model, weights only and keras model
